# JRE version: OpenJDK Runtime Environment (8.0_242) (build 1.8.0_242-release-1644-b3-6222593)
# Java VM: OpenJDK 64-Bit Server VM (25.242-b3-6222593 mixed mode bsd-amd64 compressed oops)
Heap:
 PSYoungGen      total 346624K, used 51759K [0x0000000795580000, 0x00000007b1900000, 0x00000007c0000000)
  eden space 236032K, 2% used [0x0000000795580000,0x0000000795b4c240,0x00000007a3c00000)
  from space 110592K, 41% used [0x00000007aad00000,0x00000007ad9bfc00,0x00000007b1900000)
  to   space 113152K, 0% used [0x00000007a3c00000,0x00000007a3c00000,0x00000007aaa80000)
 ParOldGen       total 434688K, used 201233K [0x0000000740000000, 0x000000075a880000, 0x0000000795580000)
  object space 434688K, 46% used [0x0000000740000000,0x000000074c484778,0x000000075a880000)
 Metaspace       used 123408K, capacity 128674K, committed 128920K, reserved 1161216K
  class space    used 15921K, capacity 17006K, committed 17072K, reserved 1048576K
GC Heap History (10 events):
Event: 2408.264 GC heap before
{Heap before GC invocations=24 (full 4):
 PSYoungGen      total 220160K, used 211409K [0x0000000795580000, 0x00000007a7e80000, 0x00000007c0000000)
  eden space 165888K, 99% used [0x0000000795580000,0x000000079f776ab8,0x000000079f780000)
  from space 54272K, 83% used [0x000000079f780000,0x00000007a23fdd38,0x00000007a2c80000)
  to   space 58880K, 0% used [0x00000007a4500000,0x00000007a4500000,0x00000007a7e80000)
 ParOldGen       total 434688K, used 66224K [0x0000000740000000, 0x000000075a880000, 0x0000000795580000)
  object space 434688K, 15% used [0x0000000740000000,0x00000007440ac370,0x000000075a880000)
 Metaspace       used 108169K, capacity 112220K, committed 113432K, reserved 1148928K
  class space    used 13896K, capacity 14685K, committed 14896K, reserved 1048576K
Event: 2408.335 GC heap after
Heap after GC invocations=24 (full 4):
 PSYoungGen      total 226816K, used 58873K [0x0000000795580000, 0x00000007aab80000, 0x00000007c0000000)
  eden space 167936K, 0% used [0x0000000795580000,0x0000000795580000,0x000000079f980000)
  from space 58880K, 99% used [0x00000007a4500000,0x00000007a7e7e630,0x00000007a7e80000)
  to   space 77312K, 0% used [0x000000079f980000,0x000000079f980000,0x00000007a4500000)
 ParOldGen       total 434688K, used 92228K [0x0000000740000000, 0x000000075a880000, 0x0000000795580000)
  object space 434688K, 21% used [0x0000000740000000,0x0000000745a113f8,0x000000075a880000)
 Metaspace       used 108169K, capacity 112220K, committed 113432K, reserved 1148928K
  class space    used 13896K, capacity 14685K, committed 14896K, reserved 1048576K
}
Event: 2409.990 GC heap before
{Heap before GC invocations=25 (full 4):
 PSYoungGen      total 226816K, used 226809K [0x0000000795580000, 0x00000007aab80000, 0x00000007c0000000)
  eden space 167936K, 100% used [0x0000000795580000,0x000000079f980000,0x000000079f980000)
  from space 58880K, 99% used [0x00000007a4500000,0x00000007a7e7e630,0x00000007a7e80000)
  to   space 77312K, 0% used [0x000000079f980000,0x000000079f980000,0x00000007a4500000)
 ParOldGen       total 434688K, used 92236K [0x0000000740000000, 0x000000075a880000, 0x0000000795580000)
  object space 434688K, 21% used [0x0000000740000000,0x0000000745a132d8,0x000000075a880000)
 Metaspace       used 113032K, capacity 117198K, committed 118168K, reserved 1153024K
  class space    used 14488K, capacity 15318K, committed 15536K, reserved 1048576K
Event: 2410.070 GC heap after
Heap after GC invocations=25 (full 4):
 PSYoungGen      total 245248K, used 77298K [0x0000000795580000, 0x00000007aee00000, 0x00000007c0000000)
  eden space 167936K, 0% used [0x0000000795580000,0x0000000795580000,0x000000079f980000)
  from space 77312K, 99% used [0x000000079f980000,0x00000007a44fc898,0x00000007a4500000)
  to   space 107520K, 0% used [0x00000007a8500000,0x00000007a8500000,0x00000007aee00000)
 ParOldGen       total 434688K, used 140951K [0x0000000740000000, 0x000000075a880000, 0x0000000795580000)
  object space 434688K, 32% used [0x0000000740000000,0x00000007489a5cd8,0x000000075a880000)
 Metaspace       used 113032K, capacity 117198K, committed 118168K, reserved 1153024K
  class space    used 14488K, capacity 15318K, committed 15536K, reserved 1048576K
}
Event: 2411.805 GC heap before
{Heap before GC invocations=26 (full 4):
 PSYoungGen      total 245248K, used 245234K [0x0000000795580000, 0x00000007aee00000, 0x00000007c0000000)
  eden space 167936K, 100% used [0x0000000795580000,0x000000079f980000,0x000000079f980000)
  from space 77312K, 99% used [0x000000079f980000,0x00000007a44fc898,0x00000007a4500000)
  to   space 107520K, 0% used [0x00000007a8500000,0x00000007a8500000,0x00000007aee00000)
 ParOldGen       total 434688K, used 140951K [0x0000000740000000, 0x000000075a880000, 0x0000000795580000)
  object space 434688K, 32% used [0x0000000740000000,0x00000007489a5cd8,0x000000075a880000)
 Metaspace       used 117143K, capacity 121388K, committed 122008K, reserved 1155072K
  class space    used 15016K, capacity 15859K, committed 16048K, reserved 1048576K
Event: 2411.898 GC heap after
Heap after GC invocations=26 (full 4):
 PSYoungGen      total 297472K, used 95477K [0x0000000795580000, 0x00000007b0b80000, 0x00000007c0000000)
  eden space 189952K, 0% used [0x0000000795580000,0x0000000795580000,0x00000007a0f00000)
  from space 107520K, 88% used [0x00000007a8500000,0x00000007ae23d480,0x00000007aee00000)
  to   space 120832K, 0% used [0x00000007a0f00000,0x00000007a0f00000,0x00000007a8500000)
 ParOldGen       total 434688K, used 140959K [0x0000000740000000, 0x000000075a880000, 0x0000000795580000)
  object space 434688K, 32% used [0x0000000740000000,0x00000007489a7cd8,0x000000075a880000)
 Metaspace       used 117143K, capacity 121388K, committed 122008K, reserved 1155072K
  class space    used 15016K, capacity 15859K, committed 16048K, reserved 1048576K
}
Event: 2416.803 GC heap before
{Heap before GC invocations=27 (full 4):
 PSYoungGen      total 297472K, used 284292K [0x0000000795580000, 0x00000007b0b80000, 0x00000007c0000000)
  eden space 189952K, 99% used [0x0000000795580000,0x00000007a0de3dc8,0x00000007a0f00000)
  from space 107520K, 88% used [0x00000007a8500000,0x00000007ae23d480,0x00000007aee00000)
  to   space 120832K, 0% used [0x00000007a0f00000,0x00000007a0f00000,0x00000007a8500000)
 ParOldGen       total 434688K, used 140959K [0x0000000740000000, 0x000000075a880000, 0x0000000795580000)
  object space 434688K, 32% used [0x0000000740000000,0x00000007489a7cd8,0x000000075a880000)
 Metaspace       used 119237K, capacity 123594K, committed 123928K, reserved 1157120K
  class space    used 15270K, capacity 16094K, committed 16176K, reserved 1048576K
Event: 2416.891 GC heap after
Heap after GC invocations=27 (full 4):
 PSYoungGen      total 310784K, used 64618K [0x0000000795580000, 0x00000007b2200000, 0x00000007c0000000)
  eden space 189952K, 0% used [0x0000000795580000,0x0000000795580000,0x00000007a0f00000)
  from space 120832K, 53% used [0x00000007a0f00000,0x00000007a4e1a910,0x00000007a8500000)
  to   space 119808K, 0% used [0x00000007aad00000,0x00000007aad00000,0x00000007b2200000)
 ParOldGen       total 434688K, used 156871K [0x0000000740000000, 0x000000075a880000, 0x0000000795580000)
  object space 434688K, 36% used [0x0000000740000000,0x0000000749931f90,0x000000075a880000)
 Metaspace       used 119237K, capacity 123594K, committed 123928K, reserved 1157120K
  class space    used 15270K, capacity 16094K, committed 16176K, reserved 1048576K
}
Event: 2418.122 GC heap before
{Heap before GC invocations=28 (full 4):
 PSYoungGen      total 310784K, used 254570K [0x0000000795580000, 0x00000007b2200000, 0x00000007c0000000)
  eden space 189952K, 100% used [0x0000000795580000,0x00000007a0f00000,0x00000007a0f00000)
  from space 120832K, 53% used [0x00000007a0f00000,0x00000007a4e1a910,0x00000007a8500000)
  to   space 119808K, 0% used [0x00000007aad00000,0x00000007aad00000,0x00000007b2200000)
 ParOldGen       total 434688K, used 156871K [0x0000000740000000, 0x000000075a880000, 0x0000000795580000)
  object space 434688K, 36% used [0x0000000740000000,0x0000000749931f90,0x000000075a880000)
 Metaspace       used 123408K, capacity 128674K, committed 128920K, reserved 1161216K
  class space    used 15921K, capacity 17006K, committed 17072K, reserved 1048576K
Event: 2418.196 GC heap after
Heap after GC invocations=28 (full 4):
 PSYoungGen      total 346624K, used 45823K [0x0000000795580000, 0x00000007b1900000, 0x00000007c0000000)
  eden space 236032K, 0% used [0x0000000795580000,0x0000000795580000,0x00000007a3c00000)
  from space 110592K, 41% used [0x00000007aad00000,0x00000007ad9bfc00,0x00000007b1900000)
  to   space 113152K, 0% used [0x00000007a3c00000,0x00000007a3c00000,0x00000007aaa80000)
 ParOldGen       total 434688K, used 201233K [0x0000000740000000, 0x000000075a880000, 0x0000000795580000)
  object space 434688K, 46% used [0x0000000740000000,0x000000074c484778,0x000000075a880000)
 Metaspace       used 123408K, capacity 128674K, committed 128920K, reserved 1161216K
  class space    used 15921K, capacity 17006K, committed 17072K, reserved 1048576K
}

