# JRE version: OpenJDK Runtime Environment (8.0_242) (build 1.8.0_242-release-1644-b3-6222593)
# Java VM: OpenJDK 64-Bit Server VM (25.242-b3-6222593 mixed mode bsd-amd64 compressed oops)
Heap:
 PSYoungGen      total 539136K, used 182569K [0x0000000795580000, 0x00000007bf880000, 0x00000007c0000000)
  eden space 406016K, 30% used [0x0000000795580000,0x000000079cc7a170,0x00000007ae200000)
  from space 133120K, 45% used [0x00000007ae200000,0x00000007b1d50400,0x00000007b6400000)
  to   space 131584K, 0% used [0x00000007b7800000,0x00000007b7800000,0x00000007bf880000)
 ParOldGen       total 450048K, used 344484K [0x0000000740000000, 0x000000075b780000, 0x0000000795580000)
  object space 450048K, 76% used [0x0000000740000000,0x00000007550692b0,0x000000075b780000)
 Metaspace       used 160356K, capacity 171300K, committed 171544K, reserved 1198080K
  class space    used 19993K, capacity 22314K, committed 22320K, reserved 1048576K
GC Heap History (10 events):
Event: 6560.841 GC heap before
{Heap before GC invocations=63 (full 6):
 PSYoungGen      total 538112K, used 383718K [0x0000000795580000, 0x00000007c0000000, 0x00000007c0000000)
  eden space 378368K, 100% used [0x0000000795580000,0x00000007ac700000,0x00000007ac700000)
  from space 159744K, 3% used [0x00000007b6100000,0x00000007b66398a0,0x00000007bfd00000)
  to   space 157696K, 0% used [0x00000007ac700000,0x00000007ac700000,0x00000007b6100000)
 ParOldGen       total 450048K, used 310185K [0x0000000740000000, 0x000000075b780000, 0x0000000795580000)
  object space 450048K, 68% used [0x0000000740000000,0x0000000752eea478,0x000000075b780000)
 Metaspace       used 160010K, capacity 170834K, committed 171032K, reserved 1198080K
  class space    used 19957K, capacity 22275K, committed 22320K, reserved 1048576K
Event: 6560.891 GC heap after
Heap after GC invocations=63 (full 6):
 PSYoungGen      total 389120K, used 10378K [0x0000000795580000, 0x00000007bf500000, 0x00000007c0000000)
  eden space 378368K, 0% used [0x0000000795580000,0x0000000795580000,0x00000007ac700000)
  from space 10752K, 96% used [0x00000007ac700000,0x00000007ad122818,0x00000007ad180000)
  to   space 153088K, 0% used [0x00000007b5f80000,0x00000007b5f80000,0x00000007bf500000)
 ParOldGen       total 450048K, used 314977K [0x0000000740000000, 0x000000075b780000, 0x0000000795580000)
  object space 450048K, 69% used [0x0000000740000000,0x0000000753398528,0x000000075b780000)
 Metaspace       used 160010K, capacity 170834K, committed 171032K, reserved 1198080K
  class space    used 19957K, capacity 22275K, committed 22320K, reserved 1048576K
}
Event: 6562.276 GC heap before
{Heap before GC invocations=64 (full 6):
 PSYoungGen      total 389120K, used 388746K [0x0000000795580000, 0x00000007bf500000, 0x00000007c0000000)
  eden space 378368K, 100% used [0x0000000795580000,0x00000007ac700000,0x00000007ac700000)
  from space 10752K, 96% used [0x00000007ac700000,0x00000007ad122818,0x00000007ad180000)
  to   space 153088K, 0% used [0x00000007b5f80000,0x00000007b5f80000,0x00000007bf500000)
 ParOldGen       total 450048K, used 314987K [0x0000000740000000, 0x000000075b780000, 0x0000000795580000)
  object space 450048K, 69% used [0x0000000740000000,0x000000075339acc0,0x000000075b780000)
 Metaspace       used 160143K, capacity 171000K, committed 171288K, reserved 1198080K
  class space    used 19974K, capacity 22292K, committed 22320K, reserved 1048576K
Event: 6562.343 GC heap after
Heap after GC invocations=64 (full 6):
 PSYoungGen      total 543232K, used 33942K [0x0000000795580000, 0x00000007c0000000, 0x00000007c0000000)
  eden space 390144K, 0% used [0x0000000795580000,0x0000000795580000,0x00000007ad280000)
  from space 153088K, 22% used [0x00000007b5f80000,0x00000007b80a5a08,0x00000007bf500000)
  to   space 144384K, 0% used [0x00000007ad280000,0x00000007ad280000,0x00000007b5f80000)
 ParOldGen       total 450048K, used 321197K [0x0000000740000000, 0x000000075b780000, 0x0000000795580000)
  object space 450048K, 71% used [0x0000000740000000,0x00000007539ab660,0x000000075b780000)
 Metaspace       used 160143K, capacity 171000K, committed 171288K, reserved 1198080K
  class space    used 19974K, capacity 22292K, committed 22320K, reserved 1048576K
}
Event: 6563.522 GC heap before
{Heap before GC invocations=65 (full 6):
 PSYoungGen      total 543232K, used 424086K [0x0000000795580000, 0x00000007c0000000, 0x00000007c0000000)
  eden space 390144K, 100% used [0x0000000795580000,0x00000007ad280000,0x00000007ad280000)
  from space 153088K, 22% used [0x00000007b5f80000,0x00000007b80a5a08,0x00000007bf500000)
  to   space 144384K, 0% used [0x00000007ad280000,0x00000007ad280000,0x00000007b5f80000)
 ParOldGen       total 450048K, used 321197K [0x0000000740000000, 0x000000075b780000, 0x0000000795580000)
  object space 450048K, 71% used [0x0000000740000000,0x00000007539ab660,0x000000075b780000)
 Metaspace       used 160261K, capacity 171194K, committed 171288K, reserved 1198080K
  class space    used 19990K, capacity 22311K, committed 22320K, reserved 1048576K
Event: 6563.589 GC heap after
Heap after GC invocations=65 (full 6):
 PSYoungGen      total 534528K, used 23737K [0x0000000795580000, 0x00000007bea80000, 0x00000007c0000000)
  eden space 390144K, 0% used [0x0000000795580000,0x0000000795580000,0x00000007ad280000)
  from space 144384K, 16% used [0x00000007ad280000,0x00000007ae9ae4d0,0x00000007b5f80000)
  to   space 137728K, 0% used [0x00000007b6400000,0x00000007b6400000,0x00000007bea80000)
 ParOldGen       total 450048K, used 331609K [0x0000000740000000, 0x000000075b780000, 0x0000000795580000)
  object space 450048K, 73% used [0x0000000740000000,0x00000007543d6718,0x000000075b780000)
 Metaspace       used 160261K, capacity 171194K, committed 171288K, reserved 1198080K
  class space    used 19990K, capacity 22311K, committed 22320K, reserved 1048576K
}
Event: 6565.065 GC heap before
{Heap before GC invocations=66 (full 6):
 PSYoungGen      total 534528K, used 413881K [0x0000000795580000, 0x00000007bea80000, 0x00000007c0000000)
  eden space 390144K, 100% used [0x0000000795580000,0x00000007ad280000,0x00000007ad280000)
  from space 144384K, 16% used [0x00000007ad280000,0x00000007ae9ae4d0,0x00000007b5f80000)
  to   space 137728K, 0% used [0x00000007b6400000,0x00000007b6400000,0x00000007bea80000)
 ParOldGen       total 450048K, used 331609K [0x0000000740000000, 0x000000075b780000, 0x0000000795580000)
  object space 450048K, 73% used [0x0000000740000000,0x00000007543d6718,0x000000075b780000)
 Metaspace       used 160322K, capacity 171226K, committed 171288K, reserved 1198080K
  class space    used 19992K, capacity 22313K, committed 22320K, reserved 1048576K
Event: 6565.101 GC heap after
Heap after GC invocations=66 (full 6):
 PSYoungGen      total 543744K, used 14784K [0x0000000795580000, 0x00000007bf080000, 0x00000007c0000000)
  eden space 406016K, 0% used [0x0000000795580000,0x0000000795580000,0x00000007ae200000)
  from space 137728K, 10% used [0x00000007b6400000,0x00000007b72701d0,0x00000007bea80000)
  to   space 133120K, 0% used [0x00000007ae200000,0x00000007ae200000,0x00000007b6400000)
 ParOldGen       total 450048K, used 341187K [0x0000000740000000, 0x000000075b780000, 0x0000000795580000)
  object space 450048K, 75% used [0x0000000740000000,0x0000000754d30cc0,0x000000075b780000)
 Metaspace       used 160322K, capacity 171226K, committed 171288K, reserved 1198080K
  class space    used 19992K, capacity 22313K, committed 22320K, reserved 1048576K
}
Event: 6567.121 GC heap before
{Heap before GC invocations=67 (full 6):
 PSYoungGen      total 543744K, used 420800K [0x0000000795580000, 0x00000007bf080000, 0x00000007c0000000)
  eden space 406016K, 100% used [0x0000000795580000,0x00000007ae200000,0x00000007ae200000)
  from space 137728K, 10% used [0x00000007b6400000,0x00000007b72701d0,0x00000007bea80000)
  to   space 133120K, 0% used [0x00000007ae200000,0x00000007ae200000,0x00000007b6400000)
 ParOldGen       total 450048K, used 341187K [0x0000000740000000, 0x000000075b780000, 0x0000000795580000)
  object space 450048K, 75% used [0x0000000740000000,0x0000000754d30cc0,0x000000075b780000)
 Metaspace       used 160350K, capacity 171300K, committed 171544K, reserved 1198080K
  class space    used 19993K, capacity 22314K, committed 22320K, reserved 1048576K
Event: 6567.206 GC heap after
Heap after GC invocations=67 (full 6):
 PSYoungGen      total 539136K, used 60737K [0x0000000795580000, 0x00000007bf880000, 0x00000007c0000000)
  eden space 406016K, 0% used [0x0000000795580000,0x0000000795580000,0x00000007ae200000)
  from space 133120K, 45% used [0x00000007ae200000,0x00000007b1d50400,0x00000007b6400000)
  to   space 131584K, 0% used [0x00000007b7800000,0x00000007b7800000,0x00000007bf880000)
 ParOldGen       total 450048K, used 344484K [0x0000000740000000, 0x000000075b780000, 0x0000000795580000)
  object space 450048K, 76% used [0x0000000740000000,0x00000007550692b0,0x000000075b780000)
 Metaspace       used 160350K, capacity 171300K, committed 171544K, reserved 1198080K
  class space    used 19993K, capacity 22314K, committed 22320K, reserved 1048576K
}

